<?xml version="1.0" encoding="UTF-8"?>
<!-- Generated by org.testng.reporters.JUnitXMLReporter -->
<testsuite ignored="0" hostname="DESKTOP-R5BV936" failures="0" tests="4" name="Default test" time="10.503" errors="0" timestamp="2024-07-27T07:58:37 IST">
  <testcase classname="api.testcase.UserTest" name="testCreateUser" time="4.148"/>
  <testcase classname="api.testcase.UserTest" name="testGetUser" time="1.245"/>
  <testcase classname="api.testcase.UserTest" name="testUpdateUser" time="2.385"/>
  <testcase classname="api.testcase.UserTest" name="testdeleteUser" time="1.191"/>
</testsuite> <!-- Default test -->
