<?xml version="1.0" encoding="UTF-8"?>
<!-- Generated by org.testng.reporters.JUnitXMLReporter -->
<testsuite ignored="0" hostname="DESKTOP-R5BV936" failures="0" tests="4" name="Test" time="13.832" errors="0" timestamp="2024-07-28T06:59:13 IST">
  <testcase classname="api.testcase.UserTest" name="testCreateUser" time="5.234"/>
  <testcase classname="api.testcase.UserTest" name="testGetUser" time="1.289"/>
  <testcase classname="api.testcase.UserTest" name="testUpdateUser" time="2.391"/>
  <testcase classname="api.testcase.UserTest" name="testdeleteUser" time="1.189"/>
</testsuite> <!-- Test -->
