<?xml version="1.0" encoding="UTF-8"?>
<!-- Generated by org.testng.reporters.JUnitXMLReporter -->
<testsuite ignored="0" hostname="DESKTOP-R5BV936" failures="0" tests="4" name="Test" time="15.019" errors="0" timestamp="2024-07-27T08:58:56 IST">
  <testcase classname="api.testcase.UserTest" name="testCreateUser" time="8.054"/>
  <testcase classname="api.testcase.UserTest" name="testGetUser" time="1.329"/>
  <testcase classname="api.testcase.UserTest" name="testUpdateUser" time="2.283"/>
  <testcase classname="api.testcase.UserTest" name="testdeleteUser" time="1.131"/>
</testsuite> <!-- Test -->
