<?xml version="1.0" encoding="UTF-8"?>
<!-- Generated by org.testng.reporters.JUnitXMLReporter -->
<testsuite ignored="0" hostname="DESKTOP-R5BV936" failures="0" tests="4" name="Test" time="12.841" errors="0" timestamp="2024-07-28T07:04:31 IST">
  <testcase classname="api.testcase.UserTest" name="testCreateUser" time="6.03"/>
  <testcase classname="api.testcase.UserTest" name="testGetUser" time="1.201"/>
  <testcase classname="api.testcase.UserTest" name="testUpdateUser" time="2.387"/>
  <testcase classname="api.testcase.UserTest" name="testdeleteUser" time="1.108"/>
</testsuite> <!-- Test -->
