<?xml version="1.0" encoding="UTF-8"?>
<testsuite xmlns:xsi="http://www.w3.org/2001/XMLSchema-instance" xsi:noNamespaceSchemaLocation="https://maven.apache.org/surefire/maven-surefire-plugin/xsd/surefire-test-report-3.0.xsd" version="3.0" name="TestSuite" time="16.687" tests="4" errors="0" skipped="0" failures="0">
  <properties>
[...]
</properties>
  <testcase name="testCreateUser" classname="api.testcase.UserTest" time="8.081">
    <system-out><![CDATA[On Start method invoked....
Name of test method started:testCreateUser
HTTP/1.1 200 OK
Date: Sat, 27 Jul 2024 03:28:45 GMT
Content-Type: application/json
Transfer-Encoding: chunked
Connection: keep-alive
Access-Control-Allow-Origin: *
Access-Control-Allow-Methods: GET, POST, DELETE, PUT
Access-Control-Allow-Headers: Content-Type, api_key, Authorization
Server: Jetty(9.2.9.v20150224)

{
    "code": 200,
    "type": "unknown",
    "message": "368342628"
}
[INFO ] 2024-07-27 08:58:51.218 [main] RestAssuredAutomation - create user executed
Name of test method sucessfully executed:testCreateUser
]]></system-out>
    <system-err><![CDATA[SLF4J: Failed to load class "org.slf4j.impl.StaticLoggerBinder".
SLF4J: Defaulting to no-operation (NOP) logger implementation
SLF4J: See http://www.slf4j.org/codes.html#StaticLoggerBinder for further details.
]]></system-err>
  </testcase>
  <testcase name="testGetUser" classname="api.testcase.UserTest" time="1.332">
    <system-out><![CDATA[Name of test method started:testGetUser
GET DATA
HTTP/1.1 200 OK
Date: Sat, 27 Jul 2024 03:28:47 GMT
Content-Type: application/json
Transfer-Encoding: chunked
Connection: keep-alive
Access-Control-Allow-Origin: *
Access-Control-Allow-Methods: GET, POST, DELETE, PUT
Access-Control-Allow-Headers: Content-Type, api_key, Authorization
Server: Jetty(9.2.9.v20150224)

{
    "id": 368342628,
    "username": "hung.schultz",
    "firstName": "Charissa",
    "lastName": "Konopelski",
    "email": "hyo.mcdermott@example.com",
    "password": "m902mny",
    "phone": "(852) 459-6107",
    "userStatus": 0
}
[INFO ] 2024-07-27 08:58:52.615 [main] RestAssuredAutomation - Get user executed
Name of test method sucessfully executed:testGetUser
]]></system-out>
  </testcase>
  <testcase name="testUpdateUser" classname="api.testcase.UserTest" time="2.289">
    <system-out><![CDATA[Name of test method started:testUpdateUser
HTTP/1.1 200 OK
Date: Sat, 27 Jul 2024 03:28:48 GMT
Content-Type: application/json
Transfer-Encoding: chunked
Connection: keep-alive
Access-Control-Allow-Origin: *
Access-Control-Allow-Methods: GET, POST, DELETE, PUT
Access-Control-Allow-Headers: Content-Type, api_key, Authorization
Server: Jetty(9.2.9.v20150224)

{
    "code": 200,
    "type": "unknown",
    "message": "368342628"
}
Afetr update user data
HTTP/1.1 200 OK
Date: Sat, 27 Jul 2024 03:28:49 GMT
Content-Type: application/json
Transfer-Encoding: chunked
Connection: keep-alive
Access-Control-Allow-Origin: *
Access-Control-Allow-Methods: GET, POST, DELETE, PUT
Access-Control-Allow-Headers: Content-Type, api_key, Authorization
Server: Jetty(9.2.9.v20150224)

{
    "id": 368342628,
    "username": "dale.walker",
    "firstName": "Charissa",
    "lastName": "Konopelski",
    "email": "hyo.mcdermott@example.com",
    "password": "m902mny",
    "phone": "(852) 459-6107",
    "userStatus": 0
}
[INFO ] 2024-07-27 08:58:54.902 [main] RestAssuredAutomation - update user executed
Name of test method sucessfully executed:testUpdateUser
]]></system-out>
  </testcase>
  <testcase name="testdeleteUser" classname="api.testcase.UserTest" time="1.13">
    <system-out><![CDATA[Name of test method started:testdeleteUser
HTTP/1.1 200 OK
Date: Sat, 27 Jul 2024 03:28:50 GMT
Content-Type: application/json
Transfer-Encoding: chunked
Connection: keep-alive
Access-Control-Allow-Origin: *
Access-Control-Allow-Methods: GET, POST, DELETE, PUT
Access-Control-Allow-Headers: Content-Type, api_key, Authorization
Server: Jetty(9.2.9.v20150224)

{
    "code": 200,
    "type": "unknown",
    "message": "dale.walker"
}
[INFO ] 2024-07-27 08:58:56.035 [main] RestAssuredAutomation - delete user executed
Name of test method sucessfully executed:testdeleteUser
]]></system-out>
  </testcase>
</testsuite>