<?xml version="1.0" encoding="UTF-8"?>
<testng-results ignored="0" total="4" passed="4" failed="0" skipped="0">
  <reporter-output>
  </reporter-output>
  <suite started-at="2024-07-28T07:04:16 IST" name="Suite" finished-at="2024-07-28T07:04:29 IST" duration-ms="12841">
    <groups>
    </groups>
    <test started-at="2024-07-28T07:04:16 IST" name="Test" finished-at="2024-07-28T07:04:29 IST" duration-ms="12841">
      <class name="api.testcase.UserTest">
        <test-method is-config="true" signature="generateTestData()[pri:0, instance:api.testcase.UserTest@6ca8564a]" started-at="2024-07-28T07:04:17 IST" name="generateTestData" finished-at="2024-07-28T07:04:18 IST" duration-ms="1570" status="PASS">
          <reporter-output>
          </reporter-output>
        </test-method> <!-- generateTestData -->
        <test-method signature="testCreateUser()[pri:1, instance:api.testcase.UserTest@6ca8564a]" started-at="2024-07-28T07:04:18 IST" name="testCreateUser" finished-at="2024-07-28T07:04:24 IST" duration-ms="6030" status="PASS">
          <reporter-output>
          </reporter-output>
        </test-method> <!-- testCreateUser -->
        <test-method signature="testGetUser()[pri:2, instance:api.testcase.UserTest@6ca8564a]" started-at="2024-07-28T07:04:24 IST" name="testGetUser" finished-at="2024-07-28T07:04:26 IST" duration-ms="1201" status="PASS">
          <reporter-output>
          </reporter-output>
        </test-method> <!-- testGetUser -->
        <test-method signature="testUpdateUser()[pri:3, instance:api.testcase.UserTest@6ca8564a]" started-at="2024-07-28T07:04:26 IST" name="testUpdateUser" finished-at="2024-07-28T07:04:28 IST" duration-ms="2387" status="PASS">
          <reporter-output>
          </reporter-output>
        </test-method> <!-- testUpdateUser -->
        <test-method signature="testdeleteUser()[pri:4, instance:api.testcase.UserTest@6ca8564a]" started-at="2024-07-28T07:04:28 IST" name="testdeleteUser" finished-at="2024-07-28T07:04:29 IST" duration-ms="1108" status="PASS">
          <reporter-output>
          </reporter-output>
        </test-method> <!-- testdeleteUser -->
      </class> <!-- api.testcase.UserTest -->
    </test> <!-- Test -->
  </suite> <!-- Suite -->
</testng-results>
