<?xml version="1.0" encoding="UTF-8"?>
<testng-results ignored="0" total="4" passed="4" failed="0" skipped="0">
  <reporter-output>
  </reporter-output>
  <suite started-at="2024-07-27T07:58:26 IST" name="Default suite" finished-at="2024-07-27T07:58:37 IST" duration-ms="10503">
    <groups>
    </groups>
    <test started-at="2024-07-27T07:58:26 IST" name="Default test" finished-at="2024-07-27T07:58:37 IST" duration-ms="10503">
      <class name="api.testcase.UserTest">
        <test-method is-config="true" signature="generateTestData()[pri:0, instance:api.testcase.UserTest@5c5eefef]" started-at="2024-07-27T07:58:26 IST" name="generateTestData" finished-at="2024-07-27T07:58:28 IST" duration-ms="1444" status="PASS">
          <reporter-output>
          </reporter-output>
        </test-method> <!-- generateTestData -->
        <test-method signature="testCreateUser()[pri:1, instance:api.testcase.UserTest@5c5eefef]" started-at="2024-07-27T07:58:28 IST" name="testCreateUser" finished-at="2024-07-27T07:58:32 IST" duration-ms="4148" status="PASS">
          <reporter-output>
          </reporter-output>
        </test-method> <!-- testCreateUser -->
        <test-method signature="testGetUser()[pri:2, instance:api.testcase.UserTest@5c5eefef]" started-at="2024-07-27T07:58:32 IST" name="testGetUser" finished-at="2024-07-27T07:58:33 IST" duration-ms="1245" status="PASS">
          <reporter-output>
          </reporter-output>
        </test-method> <!-- testGetUser -->
        <test-method signature="testUpdateUser()[pri:3, instance:api.testcase.UserTest@5c5eefef]" started-at="2024-07-27T07:58:33 IST" name="testUpdateUser" finished-at="2024-07-27T07:58:36 IST" duration-ms="2385" status="PASS">
          <reporter-output>
          </reporter-output>
        </test-method> <!-- testUpdateUser -->
        <test-method signature="testdeleteUser()[pri:4, instance:api.testcase.UserTest@5c5eefef]" started-at="2024-07-27T07:58:36 IST" name="testdeleteUser" finished-at="2024-07-27T07:58:37 IST" duration-ms="1191" status="PASS">
          <reporter-output>
          </reporter-output>
        </test-method> <!-- testdeleteUser -->
      </class> <!-- api.testcase.UserTest -->
    </test> <!-- Default test -->
  </suite> <!-- Default suite -->
</testng-results>
