<?xml version="1.0" encoding="UTF-8"?>
<testng-results ignored="0" total="4" passed="4" failed="0" skipped="0">
  <reporter-output>
  </reporter-output>
  <suite started-at="2024-07-28T06:58:58 IST" name="Suite" finished-at="2024-07-28T06:59:12 IST" duration-ms="13832">
    <groups>
    </groups>
    <test started-at="2024-07-28T06:58:58 IST" name="Test" finished-at="2024-07-28T06:59:12 IST" duration-ms="13832">
      <class name="api.testcase.UserTest">
        <test-method is-config="true" signature="generateTestData()[pri:0, instance:api.testcase.UserTest@16293aa2]" started-at="2024-07-28T06:58:59 IST" name="generateTestData" finished-at="2024-07-28T06:59:02 IST" duration-ms="2752" status="PASS">
          <reporter-output>
          </reporter-output>
        </test-method> <!-- generateTestData -->
        <test-method signature="testCreateUser()[pri:1, instance:api.testcase.UserTest@16293aa2]" started-at="2024-07-28T06:59:02 IST" name="testCreateUser" finished-at="2024-07-28T06:59:07 IST" duration-ms="5234" status="PASS">
          <reporter-output>
          </reporter-output>
        </test-method> <!-- testCreateUser -->
        <test-method signature="testGetUser()[pri:2, instance:api.testcase.UserTest@16293aa2]" started-at="2024-07-28T06:59:07 IST" name="testGetUser" finished-at="2024-07-28T06:59:09 IST" duration-ms="1289" status="PASS">
          <reporter-output>
          </reporter-output>
        </test-method> <!-- testGetUser -->
        <test-method signature="testUpdateUser()[pri:3, instance:api.testcase.UserTest@16293aa2]" started-at="2024-07-28T06:59:09 IST" name="testUpdateUser" finished-at="2024-07-28T06:59:11 IST" duration-ms="2391" status="PASS">
          <reporter-output>
          </reporter-output>
        </test-method> <!-- testUpdateUser -->
        <test-method signature="testdeleteUser()[pri:4, instance:api.testcase.UserTest@16293aa2]" started-at="2024-07-28T06:59:11 IST" name="testdeleteUser" finished-at="2024-07-28T06:59:12 IST" duration-ms="1189" status="PASS">
          <reporter-output>
          </reporter-output>
        </test-method> <!-- testdeleteUser -->
      </class> <!-- api.testcase.UserTest -->
    </test> <!-- Test -->
  </suite> <!-- Suite -->
</testng-results>
